<?xml version="1.0" encoding="UTF-8"?>
<!-- Generated by org.testng.reporters.JUnitReportReporter -->
<testsuite hostname="DESKTOP-PS8FMGO" failures="0" tests="5" name="com.org.tests.TeamMembershipTests" time="90.285" errors="0" timestamp="22 Feb 2021 23:08:17 GMT" skipped="0">
  <testcase classname="com.org.tests.TeamMembershipTests" name="tc_01_ViewPlanClick" time="15.349"/>
  <testcase classname="com.org.tests.TeamMembershipTests" name="tc_03_UpgradeButtonClick" time="26.445"/>
  <testcase classname="com.org.tests.TeamMembershipTests" name="tc_04_CheckForYearlyBillingPeriod" time="17.589"/>
  <testcase classname="com.org.tests.TeamMembershipTests" name="tc_06_CheckCreditCardDetails" time="12.551"/>
  <testcase classname="com.org.tests.TeamMembershipTests" name="tc_05_CheckForMonthlyBillingPeriod" time="18.351"/>
</testsuite> <!-- com.org.tests.TeamMembershipTests -->
