<?xml version="1.0" encoding="UTF-8"?>
<!-- Generated by org.testng.reporters.JUnitReportReporter -->
<testsuite hostname="DESKTOP-PS8FMGO" failures="0" tests="5" name="com.org.tests.TeamMembershipTests" time="88.046" errors="0" timestamp="23 Feb 2021 09:49:49 GMT" skipped="0">
  <testcase classname="com.org.tests.TeamMembershipTests" name="tc_06_CheckCreditCardDetails" time="11.631"/>
  <testcase classname="com.org.tests.TeamMembershipTests" name="tc_03_UpgradeButtonClick" time="25.661"/>
  <testcase classname="com.org.tests.TeamMembershipTests" name="tc_04_CheckForYearlyBillingPeriod" time="17.763"/>
  <testcase classname="com.org.tests.TeamMembershipTests" name="tc_01_ViewPlanClick" time="15.531"/>
  <testcase classname="com.org.tests.TeamMembershipTests" name="tc_05_CheckForMonthlyBillingPeriod" time="17.460"/>
</testsuite> <!-- com.org.tests.TeamMembershipTests -->
